0 info it worked if it ends with ok
1 verbose cli [ '/usr/bin/node', '/usr/bin/npm', 'start' ]
2 info using npm@3.5.2
3 info using node@v8.10.0
4 verbose run-script [ 'prestart', 'start', 'poststart' ]
5 info lifecycle alrahma-api@0.1.4~prestart: alrahma-api@0.1.4
6 silly lifecycle alrahma-api@0.1.4~prestart: no script for prestart, continuing
7 info lifecycle alrahma-api@0.1.4~start: alrahma-api@0.1.4
8 verbose lifecycle alrahma-api@0.1.4~start: unsafe-perm in lifecycle true
9 verbose lifecycle alrahma-api@0.1.4~start: PATH: /usr/share/npm/bin/node-gyp-bin:/root/al-rahme-api/node_modules/.bin:/usr/local/sbin:/usr/local/bin:/usr/sbin:/usr/bin:/sbin:/bin:/usr/games:/usr/local/games:/snap/bin
10 verbose lifecycle alrahma-api@0.1.4~start: CWD: /root/al-rahme-api
11 silly lifecycle alrahma-api@0.1.4~start: Args: [ '-c', 'node ./bin/www' ]
12 silly lifecycle alrahma-api@0.1.4~start: Returned: code: 1  signal: null
13 info lifecycle alrahma-api@0.1.4~start: Failed to exec start script
14 verbose stack Error: alrahma-api@0.1.4 start: `node ./bin/www`
14 verbose stack Exit status 1
14 verbose stack     at EventEmitter.<anonymous> (/usr/share/npm/lib/utils/lifecycle.js:232:16)
14 verbose stack     at emitTwo (events.js:126:13)
14 verbose stack     at EventEmitter.emit (events.js:214:7)
14 verbose stack     at ChildProcess.<anonymous> (/usr/share/npm/lib/utils/spawn.js:24:14)
14 verbose stack     at emitTwo (events.js:126:13)
14 verbose stack     at ChildProcess.emit (events.js:214:7)
14 verbose stack     at maybeClose (internal/child_process.js:925:16)
14 verbose stack     at Process.ChildProcess._handle.onexit (internal/child_process.js:209:5)
15 verbose pkgid alrahma-api@0.1.4
16 verbose cwd /root/al-rahme-api
17 error Linux 4.15.0-121-generic
18 error argv "/usr/bin/node" "/usr/bin/npm" "start"
19 error node v8.10.0
20 error npm  v3.5.2
21 error code ELIFECYCLE
22 error alrahma-api@0.1.4 start: `node ./bin/www`
22 error Exit status 1
23 error Failed at the alrahma-api@0.1.4 start script 'node ./bin/www'.
23 error Make sure you have the latest version of node.js and npm installed.
23 error If you do, this is most likely a problem with the alrahma-api package,
23 error not with npm itself.
23 error Tell the author that this fails on your system:
23 error     node ./bin/www
23 error You can get information on how to open an issue for this project with:
23 error     npm bugs alrahma-api
23 error Or if that isn't available, you can get their info via:
23 error     npm owner ls alrahma-api
23 error There is likely additional logging output above.
24 verbose exit [ 1, true ]
